<?xml version="1.0" encoding="UTF-8"?>
<!-- Generated by org.testng.reporters.JUnitXMLReporter -->
<testsuite hostname="DESKTOP-MAF27AG" ignored="0" name="Default test" tests="4" failures="0" timestamp="2020-06-27T17:56:05 IST" time="0.054" errors="0">
  <testcase name="f" time="0.009" classname="testNG.NewTest"/>
  <testcase name="f1" time="0.001" classname="testNG.NewTest"/>
  <testcase name="f2" time="0.001" classname="testNG.NewTest"/>
  <testcase name="f3" time="0.001" classname="testNG.NewTest"/>
</testsuite> <!-- Default test -->
