<?xml version="1.0" encoding="UTF-8"?>
<!-- Generated by org.testng.reporters.JUnitXMLReporter -->
<testsuite hostname="DESKTOP-MAF27AG" ignored="0" name="Test1" tests="2" failures="1" timestamp="2020-06-22T00:24:27 IST" time="0.06" errors="0">
  <testcase name="f" time="0.008" classname="demoNG.Parameterized"/>
  <testcase name="f1" time="0.006" classname="demoNG.Parameterized">
    <failure type="java.lang.AssertionError" message="expected [true] but found [false]">
      <![CDATA[java.lang.AssertionError: expected [true] but found [false]
at demoNG.Parameterized.f1(Parameterized.java:16)
at java.util.ArrayList.forEach(Unknown Source)
... Removed 31 stack frames]]>
    </failure>
  </testcase> <!-- f1 -->
</testsuite> <!-- Test1 -->
