<?xml version="1.0" encoding="UTF-8"?>
<!-- Generated by org.testng.reporters.JUnitXMLReporter -->
<testsuite hostname="DESKTOP-MAF27AG" ignored="0" name="test2" tests="2" failures="1" timestamp="2020-06-22T00:24:27 IST" time="0.008" errors="0">
  <testcase name="f" time="0.001" classname="demoNG.Parameterized"/>
  <testcase name="f1" time="0.0" classname="demoNG.Parameterized">
    <failure type="org.testng.TestNGException" message="
Parameter &amp;apos;USERNAME&amp;apos; is required by @Test on method f1 but has not been marked @Optional or defined
in C:\Users\Chandru\eclipse-workspace\TestNG\testng.xml">
      <![CDATA[org.testng.TestNGException: 
Parameter 'USERNAME' is required by @Test on method f1 but has not been marked @Optional or defined
in C:\Users\Chandru\eclipse-workspace\TestNG\testng.xml
at java.util.ArrayList.forEach(Unknown Source)
... Removed 26 stack frames]]>
    </failure>
  </testcase> <!-- f1 -->
</testsuite> <!-- test2 -->
