<?xml version="1.0" encoding="UTF-8"?>
<!-- Generated by org.testng.reporters.JUnitXMLReporter -->
<testsuite hostname="DESKTOP-MAF27AG" ignored="4" name="Test" tests="1" failures="0" timestamp="2020-06-27T00:36:30 IST" time="0.054" errors="0">
  <testcase name="f4" time="0.009" classname="demoNG.Group"/>
  <testcase name="f2" time="0.0" classname="demoNG.Group">
    <ignored/>
  </testcase> <!-- f2 -->
  <testcase name="f3" time="0.0" classname="demoNG.Group">
    <ignored/>
  </testcase> <!-- f3 -->
  <testcase name="f1" time="0.0" classname="demoNG.Group">
    <ignored/>
  </testcase> <!-- f1 -->
  <testcase name="f" time="0.0" classname="demoNG.Group">
    <ignored/>
  </testcase> <!-- f -->
</testsuite> <!-- Test -->
