<?xml version="1.0" encoding="UTF-8"?>
<testng-results skipped="0" failed="0" ignored="0" total="2" passed="2">
  <reporter-output>
  </reporter-output>
  <suite name="Suite" duration-ms="6532" started-at="2020-06-27T23:04:42 IST" finished-at="2020-06-27T23:04:48 IST">
    <groups>
    </groups>
    <test name="IETEST" duration-ms="4034" started-at="2020-06-27T23:04:42 IST" finished-at="2020-06-27T23:04:46 IST">
      <class name="testNG.MultiBrowserTest">
        <test-method status="PASS" signature="f(java.lang.String)[pri:0, instance:testNG.MultiBrowserTest@76707e36]" name="f" is-config="true" duration-ms="1967" started-at="2020-06-27T23:04:42 IST" finished-at="2020-06-27T23:04:43 IST">
          <params>
            <param index="0">
              <value>
                <![CDATA[ie]]>
              </value>
            </param>
          </params>
          <reporter-output>
          </reporter-output>
        </test-method> <!-- f -->
        <test-method status="PASS" signature="navigate()[pri:0, instance:testNG.MultiBrowserTest@76707e36]" name="navigate" duration-ms="1926" started-at="2020-06-27T23:04:43 IST" finished-at="2020-06-27T23:04:45 IST">
          <reporter-output>
          </reporter-output>
        </test-method> <!-- navigate -->
        <test-method status="PASS" signature="close()[pri:0, instance:testNG.MultiBrowserTest@76707e36]" name="close" is-config="true" duration-ms="120" started-at="2020-06-27T23:04:45 IST" finished-at="2020-06-27T23:04:46 IST">
          <reporter-output>
          </reporter-output>
        </test-method> <!-- close -->
      </class> <!-- testNG.MultiBrowserTest -->
    </test> <!-- IETEST -->
    <test name="CHROMETEST" duration-ms="6532" started-at="2020-06-27T23:04:42 IST" finished-at="2020-06-27T23:04:48 IST">
      <class name="testNG.MultiBrowserTest">
        <test-method status="PASS" signature="f(java.lang.String)[pri:0, instance:testNG.MultiBrowserTest@627551fb]" name="f" is-config="true" duration-ms="3728" started-at="2020-06-27T23:04:42 IST" finished-at="2020-06-27T23:04:45 IST">
          <params>
            <param index="0">
              <value>
                <![CDATA[chrome]]>
              </value>
            </param>
          </params>
          <reporter-output>
          </reporter-output>
        </test-method> <!-- f -->
        <test-method status="PASS" signature="navigate()[pri:0, instance:testNG.MultiBrowserTest@627551fb]" name="navigate" duration-ms="2741" started-at="2020-06-27T23:04:45 IST" finished-at="2020-06-27T23:04:48 IST">
          <reporter-output>
          </reporter-output>
        </test-method> <!-- navigate -->
        <test-method status="PASS" signature="close()[pri:0, instance:testNG.MultiBrowserTest@627551fb]" name="close" is-config="true" duration-ms="59" started-at="2020-06-27T23:04:48 IST" finished-at="2020-06-27T23:04:48 IST">
          <reporter-output>
          </reporter-output>
        </test-method> <!-- close -->
      </class> <!-- testNG.MultiBrowserTest -->
    </test> <!-- CHROMETEST -->
  </suite> <!-- Suite -->
</testng-results>
